
> vibe-generated-app@1.0.0 dev
> vite


  VITE v5.4.20  ready in 289 ms

  ➜  Local:   http://localhost:3000/
  ➜  Network: http://172.20.3.217:3000/
8:41:10 AM [vite] Pre-transform error: Transform failed with 1 error:
/home/workspace/src/Landing.jsx:55:60: ERROR: Expected identifier but found "`{\n  \"title\": \"Quick sort in JS\",\n  \"description\": \"A compact, readable quicksort.\",\n  \"language\": \"javascript\",\n  \"code\": \"function q(a){if(a.length<2)return a;const p=a[0];return [...q(a.slice(1).filter(x=>x<=p)),p,...q(a.slice(1).filter(x=>x>p))]}\"\n}`"
8:41:10 AM [vite] Internal server error: Transform failed with 1 error:
/home/workspace/src/Landing.jsx:55:60: ERROR: Expected identifier but found "`{\n  \"title\": \"Quick sort in JS\",\n  \"description\": \"A compact, readable quicksort.\",\n  \"language\": \"javascript\",\n  \"code\": \"function q(a){if(a.length<2)return a;const p=a[0];return [...q(a.slice(1).filter(x=>x<=p)),p,...q(a.slice(1).filter(x=>x>p))]}\"\n}`"
  Plugin: vite:esbuild
  File: /home/workspace/src/Landing.jsx:55:60
  
  Expected identifier but found "`{\n  \"title\": \"Quick sort in JS\",\n  \"description\": \"A compact, readable quicksort.\",\n  \"language\": \"javascript\",\n  \"code\": \"function q(a){if(a.length<2)return a;const p=a[0];return [...q(a.slice(1).filter(x=>x<=p)),p,...q(a.slice(1).filter(x=>x>p))]}\"\n}`"
  53 |                <div className="rounded-xl bg-gray-900 text-gray-100 p-4 text-sm font-mono">
  54 |                  <div className="text-xs text-gray-400">$ curl -X POST {baseUrl}/api/snippets</div>
  55 |                  <pre className="mt-2 whitespace-pre-wrap">{{`{
     |                                                              ^
  56 |    "title": "Quick sort in JS",
  57 |    "description": "A compact, readable quicksort.",
  
      at failureErrorWithLog (/home/workspace/node_modules/esbuild/lib/main.js:1472:15)
      at /home/workspace/node_modules/esbuild/lib/main.js:755:50
      at responseCallbacks.<computed> (/home/workspace/node_modules/esbuild/lib/main.js:622:9)
      at handleIncomingPacket (/home/workspace/node_modules/esbuild/lib/main.js:677:12)
      at Socket.readFromStdout (/home/workspace/node_modules/esbuild/lib/main.js:600:7)
      at Socket.emit (node:events:508:28)
      at addChunk (node:internal/streams/readable:559:12)
      at readableAddChunkPushByteMode (node:internal/streams/readable:510:3)
      at Readable.push (node:internal/streams/readable:390:5)
      at Pipe.onStreamRead (node:internal/stream_base_commons:189:23)
8:41:40 AM [vite] Internal server error: Transform failed with 1 error:
/home/workspace/src/Landing.jsx:55:60: ERROR: Expected identifier but found "`{\n  \"title\": \"Quick sort in JS\",\n  \"description\": \"A compact, readable quicksort.\",\n  \"language\": \"javascript\",\n  \"code\": \"function q(a){if(a.length<2)return a;const p=a[0];return [...q(a.slice(1).filter(x=>x<=p)),p,...q(a.slice(1).filter(x=>x>p))]}\"\n}`"
  Plugin: vite:esbuild
  File: /home/workspace/src/Landing.jsx:55:60
  
  Expected identifier but found "`{\n  \"title\": \"Quick sort in JS\",\n  \"description\": \"A compact, readable quicksort.\",\n  \"language\": \"javascript\",\n  \"code\": \"function q(a){if(a.length<2)return a;const p=a[0];return [...q(a.slice(1).filter(x=>x<=p)),p,...q(a.slice(1).filter(x=>x>p))]}\"\n}`"
  53 |                <div className="rounded-xl bg-gray-900 text-gray-100 p-4 text-sm font-mono">
  54 |                  <div className="text-xs text-gray-400">$ curl -X POST {baseUrl}/api/snippets</div>
  55 |                  <pre className="mt-2 whitespace-pre-wrap">{{`{
     |                                                              ^
  56 |    "title": "Quick sort in JS",
  57 |    "description": "A compact, readable quicksort.",
  
      at failureErrorWithLog (/home/workspace/node_modules/esbuild/lib/main.js:1472:15)
      at /home/workspace/node_modules/esbuild/lib/main.js:755:50
      at responseCallbacks.<computed> (/home/workspace/node_modules/esbuild/lib/main.js:622:9)
      at handleIncomingPacket (/home/workspace/node_modules/esbuild/lib/main.js:677:12)
      at Socket.readFromStdout (/home/workspace/node_modules/esbuild/lib/main.js:600:7)
      at Socket.emit (node:events:508:28)
      at addChunk (node:internal/streams/readable:559:12)
      at readableAddChunkPushByteMode (node:internal/streams/readable:510:3)
      at Readable.push (node:internal/streams/readable:390:5)
      at Pipe.onStreamRead (node:internal/stream_base_commons:189:23)
